BLK [C  H   S]
--------------
0  [0  0  0]
1  [0  0  2]
2  [0  0  4]
3  [0  0  6]
4  [0  0  8]
5  [0  0  10]
6  [0  0  12]
7  [0  0  14]
8  [0  0  16]
9  [0  1  0]
10  [0  1  2]
11  [0  1  4]
12  [0  1  6]
13  [0  1  8]
14  [0  1  10]
15  [0  1  12]
16  [0  1  14]
17  [0  1  16]
18  [1  0  0]
19  [1  0  2]
20  [1  0  4]
21  [1  0  6]
22  [1  0  8]
23  [1  0  10]
24  [1  0  12]
25  [1  0  14]
26  [1  0  16]
27  [1  1  0]
28  [1  1  2]
29  [1  1  4]
30  [1  1  6]
31  [1  1  8]
32  [1  1  10]
33  [1  1  12]
34  [1  1  14]
35  [1  1  16]
36  [2  0  0]
37  [2  0  2]
38  [2  0  4]
39  [2  0  6]
40  [2  0  8]
41  [2  0  10]
42  [2  0  12]
43  [2  0  14]
44  [2  0  16]
45  [2  1  0]
46  [2  1  2]
47  [2  1  4]
48  [2  1  6]
49  [2  1  8]
50  [2  1  10]
51  [2  1  12]
52  [2  1  14]
53  [2  1  16]
54  [3  0  0]
55  [3  0  2]
56  [3  0  4]
57  [3  0  6]
58  [3  0  8]
59  [3  0  10]
60  [3  0  12]
61  [3  0  14]
62  [3  0  16]
63  [3  1  0]
64  [3  1  2]
65  [3  1  4]
66  [3  1  6]
67  [3  1  8]
68  [3  1  10]
69  [3  1  12]
70  [3  1  14]
71  [3  1  16]
72  [4  0  0]
73  [4  0  2]
74  [4  0  4]
75  [4  0  6]
76  [4  0  8]
77  [4  0  10]
78  [4  0  12]
79  [4  0  14]
80  [4  0  16]
81  [4  1  0]
82  [4  1  2]
83  [4  1  4]
84  [4  1  6]
85  [4  1  8]
86  [4  1  10]
87  [4  1  12]
88  [4  1  14]
89  [4  1  16]
90  [5  0  0]
91  [5  0  2]
92  [5  0  4]
93  [5  0  6]
94  [5  0  8]
95  [5  0  10]
96  [5  0  12]
97  [5  0  14]
98  [5  0  16]
99  [5  1  0]
100  [5  1  2]
101  [5  1  4]
102  [5  1  6]
103  [5  1  8]
104  [5  1  10]
105  [5  1  12]
106  [5  1  14]
107  [5  1  16]
108  [6  0  0]
109  [6  0  2]
110  [6  0  4]
111  [6  0  6]
112  [6  0  8]
113  [6  0  10]
114  [6  0  12]
115  [6  0  14]
116  [6  0  16]
117  [6  1  0]
118  [6  1  2]
119  [6  1  4]
120  [6  1  6]
121  [6  1  8]
122  [6  1  10]
123  [6  1  12]
124  [6  1  14]
125  [6  1  16]
126  [7  0  0]
127  [7  0  2]
128  [7  0  4]
129  [7  0  6]
130  [7  0  8]
131  [7  0  10]
132  [7  0  12]
133  [7  0  14]
134  [7  0  16]
135  [7  1  0]
136  [7  1  2]
137  [7  1  4]
138  [7  1  6]
139  [7  1  8]
140  [7  1  10]
141  [7  1  12]
142  [7  1  14]
143  [7  1  16]
144  [8  0  0]
145  [8  0  2]
146  [8  0  4]
147  [8  0  6]
148  [8  0  8]
149  [8  0  10]
150  [8  0  12]
151  [8  0  14]
152  [8  0  16]
153  [8  1  0]
154  [8  1  2]
155  [8  1  4]
156  [8  1  6]
157  [8  1  8]
158  [8  1  10]
159  [8  1  12]
160  [8  1  14]
161  [8  1  16]
162  [9  0  0]
163  [9  0  2]
164  [9  0  4]
165  [9  0  6]
166  [9  0  8]
167  [9  0  10]
168  [9  0  12]
169  [9  0  14]
170  [9  0  16]
171  [9  1  0]
172  [9  1  2]
173  [9  1  4]
174  [9  1  6]
175  [9  1  8]
176  [9  1  10]
177  [9  1  12]
178  [9  1  14]
179  [9  1  16]
180  [10  0  0]
181  [10  0  2]
182  [10  0  4]
183  [10  0  6]
184  [10  0  8]
185  [10  0  10]
186  [10  0  12]
187  [10  0  14]
188  [10  0  16]
189  [10  1  0]
190  [10  1  2]
191  [10  1  4]
192  [10  1  6]
193  [10  1  8]
194  [10  1  10]
195  [10  1  12]
196  [10  1  14]
197  [10  1  16]
198  [11  0  0]
199  [11  0  2]
200  [11  0  4]
201  [11  0  6]
202  [11  0  8]
203  [11  0  10]
204  [11  0  12]
205  [11  0  14]
206  [11  0  16]
207  [11  1  0]
208  [11  1  2]
209  [11  1  4]
210  [11  1  6]
211  [11  1  8]
212  [11  1  10]
213  [11  1  12]
214  [11  1  14]
215  [11  1  16]
216  [12  0  0]
217  [12  0  2]
218  [12  0  4]
219  [12  0  6]
220  [12  0  8]
221  [12  0  10]
222  [12  0  12]
223  [12  0  14]
224  [12  0  16]
225  [12  1  0]
226  [12  1  2]
227  [12  1  4]
228  [12  1  6]
229  [12  1  8]
230  [12  1  10]
231  [12  1  12]
232  [12  1  14]
233  [12  1  16]
234  [13  0  0]
235  [13  0  2]
236  [13  0  4]
237  [13  0  6]
238  [13  0  8]
239  [13  0  10]
240  [13  0  12]
241  [13  0  14]
242  [13  0  16]
243  [13  1  0]
244  [13  1  2]
245  [13  1  4]
246  [13  1  6]
247  [13  1  8]
248  [13  1  10]
249  [13  1  12]
250  [13  1  14]
251  [13  1  16]
252  [14  0  0]
253  [14  0  2]
254  [14  0  4]
255  [14  0  6]
256  [14  0  8]
257  [14  0  10]
258  [14  0  12]
259  [14  0  14]
260  [14  0  16]
261  [14  1  0]
262  [14  1  2]
263  [14  1  4]
264  [14  1  6]
265  [14  1  8]
266  [14  1  10]
267  [14  1  12]
268  [14  1  14]
269  [14  1  16]
270  [15  0  0]
271  [15  0  2]
272  [15  0  4]
273  [15  0  6]
274  [15  0  8]
275  [15  0  10]
276  [15  0  12]
277  [15  0  14]
278  [15  0  16]
279  [15  1  0]
280  [15  1  2]
281  [15  1  4]
282  [15  1  6]
283  [15  1  8]
284  [15  1  10]
285  [15  1  12]
286  [15  1  14]
287  [15  1  16]
288  [16  0  0]
289  [16  0  2]
290  [16  0  4]
291  [16  0  6]
292  [16  0  8]
293  [16  0  10]
294  [16  0  12]
295  [16  0  14]
296  [16  0  16]
297  [16  1  0]
298  [16  1  2]
299  [16  1  4]
300  [16  1  6]
301  [16  1  8]
302  [16  1  10]
303  [16  1  12]
304  [16  1  14]
305  [16  1  16]
306  [17  0  0]
307  [17  0  2]
308  [17  0  4]
309  [17  0  6]
310  [17  0  8]
311  [17  0  10]
312  [17  0  12]
313  [17  0  14]
314  [17  0  16]
315  [17  1  0]
316  [17  1  2]
317  [17  1  4]
318  [17  1  6]
319  [17  1  8]
320  [17  1  10]
321  [17  1  12]
322  [17  1  14]
323  [17  1  16]
324  [18  0  0]
325  [18  0  2]
326  [18  0  4]
327  [18  0  6]
328  [18  0  8]
329  [18  0  10]
330  [18  0  12]
331  [18  0  14]
332  [18  0  16]
333  [18  1  0]
334  [18  1  2]
335  [18  1  4]
336  [18  1  6]
337  [18  1  8]
338  [18  1  10]
339  [18  1  12]
340  [18  1  14]
341  [18  1  16]
342  [19  0  0]
343  [19  0  2]
344  [19  0  4]
345  [19  0  6]
346  [19  0  8]
347  [19  0  10]
348  [19  0  12]
349  [19  0  14]
350  [19  0  16]
351  [19  1  0]
352  [19  1  2]
353  [19  1  4]
354  [19  1  6]
355  [19  1  8]
356  [19  1  10]
357  [19  1  12]
358  [19  1  14]
359  [19  1  16]
360  [20  0  0]
361  [20  0  2]
362  [20  0  4]
363  [20  0  6]
364  [20  0  8]
365  [20  0  10]
366  [20  0  12]
367  [20  0  14]
368  [20  0  16]
369  [20  1  0]
370  [20  1  2]
371  [20  1  4]
372  [20  1  6]
373  [20  1  8]
374  [20  1  10]
375  [20  1  12]
376  [20  1  14]
377  [20  1  16]
378  [21  0  0]
379  [21  0  2]
380  [21  0  4]
381  [21  0  6]
382  [21  0  8]
383  [21  0  10]
384  [21  0  12]
385  [21  0  14]
386  [21  0  16]
387  [21  1  0]
388  [21  1  2]
389  [21  1  4]
390  [21  1  6]
391  [21  1  8]
392  [21  1  10]
393  [21  1  12]
394  [21  1  14]
395  [21  1  16]
396  [22  0  0]
397  [22  0  2]
398  [22  0  4]
399  [22  0  6]
400  [22  0  8]
401  [22  0  10]
402  [22  0  12]
403  [22  0  14]
404  [22  0  16]
405  [22  1  0]
406  [22  1  2]
407  [22  1  4]
408  [22  1  6]
409  [22  1  8]
410  [22  1  10]
411  [22  1  12]
412  [22  1  14]
413  [22  1  16]
414  [23  0  0]
415  [23  0  2]
416  [23  0  4]
417  [23  0  6]
418  [23  0  8]
419  [23  0  10]
420  [23  0  12]
421  [23  0  14]
422  [23  0  16]
423  [23  1  0]
424  [23  1  2]
425  [23  1  4]
426  [23  1  6]
427  [23  1  8]
428  [23  1  10]
429  [23  1  12]
430  [23  1  14]
431  [23  1  16]
432  [24  0  0]
433  [24  0  2]
434  [24  0  4]
435  [24  0  6]
436  [24  0  8]
437  [24  0  10]
438  [24  0  12]
439  [24  0  14]
440  [24  0  16]
441  [24  1  0]
442  [24  1  2]
443  [24  1  4]
444  [24  1  6]
445  [24  1  8]
446  [24  1  10]
447  [24  1  12]
448  [24  1  14]
449  [24  1  16]
450  [25  0  0]
451  [25  0  2]
452  [25  0  4]
453  [25  0  6]
454  [25  0  8]
455  [25  0  10]
456  [25  0  12]
457  [25  0  14]
458  [25  0  16]
459  [25  1  0]
460  [25  1  2]
461  [25  1  4]
462  [25  1  6]
463  [25  1  8]
464  [25  1  10]
465  [25  1  12]
466  [25  1  14]
467  [25  1  16]
468  [26  0  0]
469  [26  0  2]
470  [26  0  4]
471  [26  0  6]
472  [26  0  8]
473  [26  0  10]
474  [26  0  12]
475  [26  0  14]
476  [26  0  16]
477  [26  1  0]
478  [26  1  2]
479  [26  1  4]
480  [26  1  6]
481  [26  1  8]
482  [26  1  10]
483  [26  1  12]
484  [26  1  14]
485  [26  1  16]
486  [27  0  0]
487  [27  0  2]
488  [27  0  4]
489  [27  0  6]
490  [27  0  8]
491  [27  0  10]
492  [27  0  12]
493  [27  0  14]
494  [27  0  16]
495  [27  1  0]
496  [27  1  2]
497  [27  1  4]
498  [27  1  6]
499  [27  1  8]
500  [27  1  10]
501  [27  1  12]
502  [27  1  14]
503  [27  1  16]
504  [28  0  0]
505  [28  0  2]
506  [28  0  4]
507  [28  0  6]
508  [28  0  8]
509  [28  0  10]
510  [28  0  12]
511  [28  0  14]
512  [28  0  16]
513  [28  1  0]
514  [28  1  2]
515  [28  1  4]
516  [28  1  6]
517  [28  1  8]
518  [28  1  10]
519  [28  1  12]
520  [28  1  14]
521  [28  1  16]
522  [29  0  0]
523  [29  0  2]
524  [29  0  4]
525  [29  0  6]
526  [29  0  8]
527  [29  0  10]
528  [29  0  12]
529  [29  0  14]
530  [29  0  16]
531  [29  1  0]
532  [29  1  2]
533  [29  1  4]
534  [29  1  6]
535  [29  1  8]
536  [29  1  10]
537  [29  1  12]
538  [29  1  14]
539  [29  1  16]
540  [30  0  0]
541  [30  0  2]
542  [30  0  4]
543  [30  0  6]
544  [30  0  8]
545  [30  0  10]
546  [30  0  12]
547  [30  0  14]
548  [30  0  16]
549  [30  1  0]
550  [30  1  2]
551  [30  1  4]
552  [30  1  6]
553  [30  1  8]
554  [30  1  10]
555  [30  1  12]
556  [30  1  14]
557  [30  1  16]
558  [31  0  0]
559  [31  0  2]
560  [31  0  4]
561  [31  0  6]
562  [31  0  8]
563  [31  0  10]
564  [31  0  12]
565  [31  0  14]
566  [31  0  16]
567  [31  1  0]
568  [31  1  2]
569  [31  1  4]
570  [31  1  6]
571  [31  1  8]
572  [31  1  10]
573  [31  1  12]
574  [31  1  14]
575  [31  1  16]
576  [32  0  0]
577  [32  0  2]
578  [32  0  4]
579  [32  0  6]
580  [32  0  8]
581  [32  0  10]
582  [32  0  12]
583  [32  0  14]
584  [32  0  16]
585  [32  1  0]
586  [32  1  2]
587  [32  1  4]
588  [32  1  6]
589  [32  1  8]
590  [32  1  10]
591  [32  1  12]
592  [32  1  14]
593  [32  1  16]
594  [33  0  0]
595  [33  0  2]
596  [33  0  4]
597  [33  0  6]
598  [33  0  8]
599  [33  0  10]
600  [33  0  12]
601  [33  0  14]
602  [33  0  16]
603  [33  1  0]
604  [33  1  2]
605  [33  1  4]
606  [33  1  6]
607  [33  1  8]
608  [33  1  10]
609  [33  1  12]
610  [33  1  14]
611  [33  1  16]
612  [34  0  0]
613  [34  0  2]
614  [34  0  4]
615  [34  0  6]
616  [34  0  8]
617  [34  0  10]
618  [34  0  12]
619  [34  0  14]
620  [34  0  16]
621  [34  1  0]
622  [34  1  2]
623  [34  1  4]
624  [34  1  6]
625  [34  1  8]
626  [34  1  10]
627  [34  1  12]
628  [34  1  14]
629  [34  1  16]
630  [35  0  0]
631  [35  0  2]
632  [35  0  4]
633  [35  0  6]
634  [35  0  8]
635  [35  0  10]
636  [35  0  12]
637  [35  0  14]
638  [35  0  16]
639  [35  1  0]
640  [35  1  2]
641  [35  1  4]
642  [35  1  6]
643  [35  1  8]
644  [35  1  10]
645  [35  1  12]
646  [35  1  14]
647  [35  1  16]
648  [36  0  0]
649  [36  0  2]
650  [36  0  4]
651  [36  0  6]
652  [36  0  8]
653  [36  0  10]
654  [36  0  12]
655  [36  0  14]
656  [36  0  16]
657  [36  1  0]
658  [36  1  2]
659  [36  1  4]
660  [36  1  6]
661  [36  1  8]
662  [36  1  10]
663  [36  1  12]
664  [36  1  14]
665  [36  1  16]
666  [37  0  0]
667  [37  0  2]
668  [37  0  4]
669  [37  0  6]
670  [37  0  8]
671  [37  0  10]
672  [37  0  12]
673  [37  0  14]
674  [37  0  16]
675  [37  1  0]
676  [37  1  2]
677  [37  1  4]
678  [37  1  6]
679  [37  1  8]
680  [37  1  10]
681  [37  1  12]
682  [37  1  14]
683  [37  1  16]
684  [38  0  0]
685  [38  0  2]
686  [38  0  4]
687  [38  0  6]
688  [38  0  8]
689  [38  0  10]
690  [38  0  12]
691  [38  0  14]
692  [38  0  16]
693  [38  1  0]
694  [38  1  2]
695  [38  1  4]
696  [38  1  6]
697  [38  1  8]
698  [38  1  10]
699  [38  1  12]
700  [38  1  14]
701  [38  1  16]
702  [39  0  0]
703  [39  0  2]
704  [39  0  4]
705  [39  0  6]
706  [39  0  8]
707  [39  0  10]
708  [39  0  12]
709  [39  0  14]
710  [39  0  16]
711  [39  1  0]
712  [39  1  2]
713  [39  1  4]
714  [39  1  6]
715  [39  1  8]
716  [39  1  10]
717  [39  1  12]
718  [39  1  14]
719  [39  1  16]
720  [40  0  0]
721  [40  0  2]
722  [40  0  4]
723  [40  0  6]
724  [40  0  8]
725  [40  0  10]
726  [40  0  12]
727  [40  0  14]
728  [40  0  16]
729  [40  1  0]
730  [40  1  2]
731  [40  1  4]
732  [40  1  6]
733  [40  1  8]
734  [40  1  10]
735  [40  1  12]
736  [40  1  14]
737  [40  1  16]
738  [41  0  0]
739  [41  0  2]
740  [41  0  4]
741  [41  0  6]
742  [41  0  8]
743  [41  0  10]
744  [41  0  12]
745  [41  0  14]
746  [41  0  16]
747  [41  1  0]
748  [41  1  2]
749  [41  1  4]
750  [41  1  6]
751  [41  1  8]
752  [41  1  10]
753  [41  1  12]
754  [41  1  14]
755  [41  1  16]
756  [42  0  0]
757  [42  0  2]
758  [42  0  4]
759  [42  0  6]
760  [42  0  8]
761  [42  0  10]
762  [42  0  12]
763  [42  0  14]
764  [42  0  16]
765  [42  1  0]
766  [42  1  2]
767  [42  1  4]
768  [42  1  6]
769  [42  1  8]
770  [42  1  10]
771  [42  1  12]
772  [42  1  14]
773  [42  1  16]
774  [43  0  0]
775  [43  0  2]
776  [43  0  4]
777  [43  0  6]
778  [43  0  8]
779  [43  0  10]
780  [43  0  12]
781  [43  0  14]
782  [43  0  16]
783  [43  1  0]
784  [43  1  2]
785  [43  1  4]
786  [43  1  6]
787  [43  1  8]
788  [43  1  10]
789  [43  1  12]
790  [43  1  14]
791  [43  1  16]
792  [44  0  0]
793  [44  0  2]
794  [44  0  4]
795  [44  0  6]
796  [44  0  8]
797  [44  0  10]
798  [44  0  12]
799  [44  0  14]
800  [44  0  16]
801  [44  1  0]
802  [44  1  2]
803  [44  1  4]
804  [44  1  6]
805  [44  1  8]
806  [44  1  10]
807  [44  1  12]
808  [44  1  14]
809  [44  1  16]
810  [45  0  0]
811  [45  0  2]
812  [45  0  4]
813  [45  0  6]
814  [45  0  8]
815  [45  0  10]
816  [45  0  12]
817  [45  0  14]
818  [45  0  16]
819  [45  1  0]
820  [45  1  2]
821  [45  1  4]
822  [45  1  6]
823  [45  1  8]
824  [45  1  10]
825  [45  1  12]
826  [45  1  14]
827  [45  1  16]
828  [46  0  0]
829  [46  0  2]
830  [46  0  4]
831  [46  0  6]
832  [46  0  8]
833  [46  0  10]
834  [46  0  12]
835  [46  0  14]
836  [46  0  16]
837  [46  1  0]
838  [46  1  2]
839  [46  1  4]
840  [46  1  6]
841  [46  1  8]
842  [46  1  10]
843  [46  1  12]
844  [46  1  14]
845  [46  1  16]
846  [47  0  0]
847  [47  0  2]
848  [47  0  4]
849  [47  0  6]
850  [47  0  8]
851  [47  0  10]
852  [47  0  12]
853  [47  0  14]
854  [47  0  16]
855  [47  1  0]
856  [47  1  2]
857  [47  1  4]
858  [47  1  6]
859  [47  1  8]
860  [47  1  10]
861  [47  1  12]
862  [47  1  14]
863  [47  1  16]
864  [48  0  0]
865  [48  0  2]
866  [48  0  4]
867  [48  0  6]
868  [48  0  8]
869  [48  0  10]
870  [48  0  12]
871  [48  0  14]
872  [48  0  16]
873  [48  1  0]
874  [48  1  2]
875  [48  1  4]
876  [48  1  6]
877  [48  1  8]
878  [48  1  10]
879  [48  1  12]
880  [48  1  14]
881  [48  1  16]
882  [49  0  0]
883  [49  0  2]
884  [49  0  4]
885  [49  0  6]
886  [49  0  8]
887  [49  0  10]
888  [49  0  12]
889  [49  0  14]
890  [49  0  16]
891  [49  1  0]
892  [49  1  2]
893  [49  1  4]
894  [49  1  6]
895  [49  1  8]
896  [49  1  10]
897  [49  1  12]
898  [49  1  14]
899  [49  1  16]
900  [50  0  0]
901  [50  0  2]
902  [50  0  4]
903  [50  0  6]
904  [50  0  8]
905  [50  0  10]
906  [50  0  12]
907  [50  0  14]
908  [50  0  16]
909  [50  1  0]
910  [50  1  2]
911  [50  1  4]
912  [50  1  6]
913  [50  1  8]
914  [50  1  10]
915  [50  1  12]
916  [50  1  14]
917  [50  1  16]
918  [51  0  0]
919  [51  0  2]
920  [51  0  4]
921  [51  0  6]
922  [51  0  8]
923  [51  0  10]
924  [51  0  12]
925  [51  0  14]
926  [51  0  16]
927  [51  1  0]
928  [51  1  2]
929  [51  1  4]
930  [51  1  6]
931  [51  1  8]
932  [51  1  10]
933  [51  1  12]
934  [51  1  14]
935  [51  1  16]
936  [52  0  0]
937  [52  0  2]
938  [52  0  4]
939  [52  0  6]
940  [52  0  8]
941  [52  0  10]
942  [52  0  12]
943  [52  0  14]
944  [52  0  16]
945  [52  1  0]
946  [52  1  2]
947  [52  1  4]
948  [52  1  6]
949  [52  1  8]
950  [52  1  10]
951  [52  1  12]
952  [52  1  14]
953  [52  1  16]
954  [53  0  0]
955  [53  0  2]
956  [53  0  4]
957  [53  0  6]
958  [53  0  8]
959  [53  0  10]
960  [53  0  12]
961  [53  0  14]
962  [53  0  16]
963  [53  1  0]
964  [53  1  2]
965  [53  1  4]
966  [53  1  6]
967  [53  1  8]
968  [53  1  10]
969  [53  1  12]
970  [53  1  14]
971  [53  1  16]
972  [54  0  0]
973  [54  0  2]
974  [54  0  4]
975  [54  0  6]
976  [54  0  8]
977  [54  0  10]
978  [54  0  12]
979  [54  0  14]
980  [54  0  16]
981  [54  1  0]
982  [54  1  2]
983  [54  1  4]
984  [54  1  6]
985  [54  1  8]
986  [54  1  10]
987  [54  1  12]
988  [54  1  14]
989  [54  1  16]
990  [55  0  0]
991  [55  0  2]
992  [55  0  4]
993  [55  0  6]
994  [55  0  8]
995  [55  0  10]
996  [55  0  12]
997  [55  0  14]
998  [55  0  16]
999  [55  1  0]
1000  [55  1  2]
1001  [55  1  4]
1002  [55  1  6]
1003  [55  1  8]
1004  [55  1  10]
1005  [55  1  12]
1006  [55  1  14]
1007  [55  1  16]
1008  [56  0  0]
1009  [56  0  2]
1010  [56  0  4]
1011  [56  0  6]
1012  [56  0  8]
1013  [56  0  10]
1014  [56  0  12]
1015  [56  0  14]
1016  [56  0  16]
1017  [56  1  0]
1018  [56  1  2]
1019  [56  1  4]
1020  [56  1  6]
1021  [56  1  8]
1022  [56  1  10]
1023  [56  1  12]
1024  [56  1  14]
1025  [56  1  16]
1026  [57  0  0]
1027  [57  0  2]
1028  [57  0  4]
1029  [57  0  6]
1030  [57  0  8]
1031  [57  0  10]
1032  [57  0  12]
1033  [57  0  14]
1034  [57  0  16]
1035  [57  1  0]
1036  [57  1  2]
1037  [57  1  4]
1038  [57  1  6]
1039  [57  1  8]
1040  [57  1  10]
1041  [57  1  12]
1042  [57  1  14]
1043  [57  1  16]
1044  [58  0  0]
1045  [58  0  2]
1046  [58  0  4]
1047  [58  0  6]
1048  [58  0  8]
1049  [58  0  10]
1050  [58  0  12]
1051  [58  0  14]
1052  [58  0  16]
1053  [58  1  0]
1054  [58  1  2]
1055  [58  1  4]
1056  [58  1  6]
1057  [58  1  8]
1058  [58  1  10]
1059  [58  1  12]
1060  [58  1  14]
1061  [58  1  16]
1062  [59  0  0]
1063  [59  0  2]
1064  [59  0  4]
1065  [59  0  6]
1066  [59  0  8]
1067  [59  0  10]
1068  [59  0  12]
1069  [59  0  14]
1070  [59  0  16]
1071  [59  1  0]
1072  [59  1  2]
1073  [59  1  4]
1074  [59  1  6]
1075  [59  1  8]
1076  [59  1  10]
1077  [59  1  12]
1078  [59  1  14]
1079  [59  1  16]
1080  [60  0  0]
1081  [60  0  2]
1082  [60  0  4]
1083  [60  0  6]
1084  [60  0  8]
1085  [60  0  10]
1086  [60  0  12]
1087  [60  0  14]
1088  [60  0  16]
1089  [60  1  0]
1090  [60  1  2]
1091  [60  1  4]
1092  [60  1  6]
1093  [60  1  8]
1094  [60  1  10]
1095  [60  1  12]
1096  [60  1  14]
1097  [60  1  16]
1098  [61  0  0]
1099  [61  0  2]
1100  [61  0  4]
1101  [61  0  6]
1102  [61  0  8]
1103  [61  0  10]
1104  [61  0  12]
1105  [61  0  14]
1106  [61  0  16]
1107  [61  1  0]
1108  [61  1  2]
1109  [61  1  4]
1110  [61  1  6]
1111  [61  1  8]
1112  [61  1  10]
1113  [61  1  12]
1114  [61  1  14]
1115  [61  1  16]
1116  [62  0  0]
1117  [62  0  2]
1118  [62  0  4]
1119  [62  0  6]
1120  [62  0  8]
1121  [62  0  10]
1122  [62  0  12]
1123  [62  0  14]
1124  [62  0  16]
1125  [62  1  0]
1126  [62  1  2]
1127  [62  1  4]
1128  [62  1  6]
1129  [62  1  8]
1130  [62  1  10]
1131  [62  1  12]
1132  [62  1  14]
1133  [62  1  16]
1134  [63  0  0]
1135  [63  0  2]
1136  [63  0  4]
1137  [63  0  6]
1138  [63  0  8]
1139  [63  0  10]
1140  [63  0  12]
1141  [63  0  14]
1142  [63  0  16]
1143  [63  1  0]
1144  [63  1  2]
1145  [63  1  4]
1146  [63  1  6]
1147  [63  1  8]
1148  [63  1  10]
1149  [63  1  12]
1150  [63  1  14]
1151  [63  1  16]
1152  [64  0  0]
1153  [64  0  2]
1154  [64  0  4]
1155  [64  0  6]
1156  [64  0  8]
1157  [64  0  10]
1158  [64  0  12]
1159  [64  0  14]
1160  [64  0  16]
1161  [64  1  0]
1162  [64  1  2]
1163  [64  1  4]
1164  [64  1  6]
1165  [64  1  8]
1166  [64  1  10]
1167  [64  1  12]
1168  [64  1  14]
1169  [64  1  16]
1170  [65  0  0]
1171  [65  0  2]
1172  [65  0  4]
1173  [65  0  6]
1174  [65  0  8]
1175  [65  0  10]
1176  [65  0  12]
1177  [65  0  14]
1178  [65  0  16]
1179  [65  1  0]
1180  [65  1  2]
1181  [65  1  4]
1182  [65  1  6]
1183  [65  1  8]
1184  [65  1  10]
1185  [65  1  12]
1186  [65  1  14]
1187  [65  1  16]
1188  [66  0  0]
1189  [66  0  2]
1190  [66  0  4]
1191  [66  0  6]
1192  [66  0  8]
1193  [66  0  10]
1194  [66  0  12]
1195  [66  0  14]
1196  [66  0  16]
1197  [66  1  0]
1198  [66  1  2]
1199  [66  1  4]
1200  [66  1  6]
1201  [66  1  8]
1202  [66  1  10]
1203  [66  1  12]
1204  [66  1  14]
1205  [66  1  16]
1206  [67  0  0]
1207  [67  0  2]
1208  [67  0  4]
1209  [67  0  6]
1210  [67  0  8]
1211  [67  0  10]
1212  [67  0  12]
1213  [67  0  14]
1214  [67  0  16]
1215  [67  1  0]
1216  [67  1  2]
1217  [67  1  4]
1218  [67  1  6]
1219  [67  1  8]
1220  [67  1  10]
1221  [67  1  12]
1222  [67  1  14]
1223  [67  1  16]
1224  [68  0  0]
1225  [68  0  2]
1226  [68  0  4]
1227  [68  0  6]
1228  [68  0  8]
1229  [68  0  10]
1230  [68  0  12]
1231  [68  0  14]
1232  [68  0  16]
1233  [68  1  0]
1234  [68  1  2]
1235  [68  1  4]
1236  [68  1  6]
1237  [68  1  8]
1238  [68  1  10]
1239  [68  1  12]
1240  [68  1  14]
1241  [68  1  16]
1242  [69  0  0]
1243  [69  0  2]
1244  [69  0  4]
1245  [69  0  6]
1246  [69  0  8]
1247  [69  0  10]
1248  [69  0  12]
1249  [69  0  14]
1250  [69  0  16]
1251  [69  1  0]
1252  [69  1  2]
1253  [69  1  4]
1254  [69  1  6]
1255  [69  1  8]
1256  [69  1  10]
1257  [69  1  12]
1258  [69  1  14]
1259  [69  1  16]
1260  [70  0  0]
1261  [70  0  2]
1262  [70  0  4]
1263  [70  0  6]
1264  [70  0  8]
1265  [70  0  10]
1266  [70  0  12]
1267  [70  0  14]
1268  [70  0  16]
1269  [70  1  0]
1270  [70  1  2]
1271  [70  1  4]
1272  [70  1  6]
1273  [70  1  8]
1274  [70  1  10]
1275  [70  1  12]
1276  [70  1  14]
1277  [70  1  16]
1278  [71  0  0]
1279  [71  0  2]
1280  [71  0  4]
1281  [71  0  6]
1282  [71  0  8]
1283  [71  0  10]
1284  [71  0  12]
1285  [71  0  14]
1286  [71  0  16]
1287  [71  1  0]
1288  [71  1  2]
1289  [71  1  4]
1290  [71  1  6]
1291  [71  1  8]
1292  [71  1  10]
1293  [71  1  12]
1294  [71  1  14]
1295  [71  1  16]
1296  [72  0  0]
1297  [72  0  2]
1298  [72  0  4]
1299  [72  0  6]
1300  [72  0  8]
1301  [72  0  10]
1302  [72  0  12]
1303  [72  0  14]
1304  [72  0  16]
1305  [72  1  0]
1306  [72  1  2]
1307  [72  1  4]
1308  [72  1  6]
1309  [72  1  8]
1310  [72  1  10]
1311  [72  1  12]
1312  [72  1  14]
1313  [72  1  16]
1314  [73  0  0]
1315  [73  0  2]
1316  [73  0  4]
1317  [73  0  6]
1318  [73  0  8]
1319  [73  0  10]
1320  [73  0  12]
1321  [73  0  14]
1322  [73  0  16]
1323  [73  1  0]
1324  [73  1  2]
1325  [73  1  4]
1326  [73  1  6]
1327  [73  1  8]
1328  [73  1  10]
1329  [73  1  12]
1330  [73  1  14]
1331  [73  1  16]
1332  [74  0  0]
1333  [74  0  2]
1334  [74  0  4]
1335  [74  0  6]
1336  [74  0  8]
1337  [74  0  10]
1338  [74  0  12]
1339  [74  0  14]
1340  [74  0  16]
1341  [74  1  0]
1342  [74  1  2]
1343  [74  1  4]
1344  [74  1  6]
1345  [74  1  8]
1346  [74  1  10]
1347  [74  1  12]
1348  [74  1  14]
1349  [74  1  16]
1350  [75  0  0]
1351  [75  0  2]
1352  [75  0  4]
1353  [75  0  6]
1354  [75  0  8]
1355  [75  0  10]
1356  [75  0  12]
1357  [75  0  14]
1358  [75  0  16]
1359  [75  1  0]
1360  [75  1  2]
1361  [75  1  4]
1362  [75  1  6]
1363  [75  1  8]
1364  [75  1  10]
1365  [75  1  12]
1366  [75  1  14]
1367  [75  1  16]
1368  [76  0  0]
1369  [76  0  2]
1370  [76  0  4]
1371  [76  0  6]
1372  [76  0  8]
1373  [76  0  10]
1374  [76  0  12]
1375  [76  0  14]
1376  [76  0  16]
1377  [76  1  0]
1378  [76  1  2]
1379  [76  1  4]
1380  [76  1  6]
1381  [76  1  8]
1382  [76  1  10]
1383  [76  1  12]
1384  [76  1  14]
1385  [76  1  16]
1386  [77  0  0]
1387  [77  0  2]
1388  [77  0  4]
1389  [77  0  6]
1390  [77  0  8]
1391  [77  0  10]
1392  [77  0  12]
1393  [77  0  14]
1394  [77  0  16]
1395  [77  1  0]
1396  [77  1  2]
1397  [77  1  4]
1398  [77  1  6]
1399  [77  1  8]
1400  [77  1  10]
1401  [77  1  12]
1402  [77  1  14]
1403  [77  1  16]
1404  [78  0  0]
1405  [78  0  2]
1406  [78  0  4]
1407  [78  0  6]
1408  [78  0  8]
1409  [78  0  10]
1410  [78  0  12]
1411  [78  0  14]
1412  [78  0  16]
1413  [78  1  0]
1414  [78  1  2]
1415  [78  1  4]
1416  [78  1  6]
1417  [78  1  8]
1418  [78  1  10]
1419  [78  1  12]
1420  [78  1  14]
1421  [78  1  16]
1422  [79  0  0]
1423  [79  0  2]
1424  [79  0  4]
1425  [79  0  6]
1426  [79  0  8]
1427  [79  0  10]
1428  [79  0  12]
1429  [79  0  14]
1430  [79  0  16]
1431  [79  1  0]
1432  [79  1  2]
1433  [79  1  4]
1434  [79  1  6]
1435  [79  1  8]
1436  [79  1  10]
1437  [79  1  12]
1438  [79  1  14]
1439  [79  1  16]
